2011-07-23 23:31:40 Debug: Notice (8): Undefined variable: javascript in [C:\wamp\www\idee2000\views\layouts\login.ctp, line 118]
2011-07-24 01:31:11 Debug: Notice (8): Undefined property: PagesController::$Auth in [C:\wamp\www\idee2000\app_controller.php, line 48]
2011-07-24 14:43:11 Debug: Notice (8): Undefined property: UtilisateursController::$Auth in [C:\wamp\www\idee2000\app_controller.php, line 48]
2011-07-24 20:52:38 Debug: Notice (8): Undefined property: Utilisateur::$Auth in [C:\wamp\www\idee2000\models\utilisateur.php, line 41]
2011-07-24 21:03:08 Debug: Notice (8): Undefined index: pseudo in [C:\wamp\www\idee2000\views\utilisateurs\index.ctp, line 25]
2011-07-24 21:03:08 Debug: Notice (8): Undefined index: mot_passe in [C:\wamp\www\idee2000\views\utilisateurs\index.ctp, line 26]
2011-07-24 21:03:08 Debug: Notice (8): Undefined index: Departement in [C:\wamp\www\idee2000\views\utilisateurs\index.ctp, line 36]
2011-07-24 21:14:01 Debug: Notice (8): Undefined index: password_confirm in [C:\wamp\www\idee2000\models\utilisateur.php, line 41]
2011-07-24 21:21:03 Debug: Notice (8): Undefined property: Utilisateur::$Departement in [C:\wamp\www\idee2000\controllers\utilisateurs_controller.php, line 94]
2011-07-24 21:41:05 Debug: Notice (8): Undefined property: Utilisateur::$Auth in [C:\wamp\www\idee2000\models\utilisateur.php, line 41]
2011-07-26 00:41:34 Debug: Notice (8): Undefined index: pseudo in [C:\wamp\www\idee2000\views\employes\view.ctp, line 226]
2011-07-26 00:41:34 Debug: Notice (8): Undefined index: mot_passe in [C:\wamp\www\idee2000\views\employes\view.ctp, line 227]
2011-07-26 00:41:34 Debug: Notice (8): Undefined index: departement_id in [C:\wamp\www\idee2000\views\employes\view.ctp, line 232]
2011-07-26 00:42:03 Debug: Notice (8): Undefined index: pseudo in [C:\wamp\www\idee2000\views\employes\view.ctp, line 226]
2011-07-26 00:42:03 Debug: Notice (8): Undefined index: mot_passe in [C:\wamp\www\idee2000\views\employes\view.ctp, line 227]
2011-07-26 00:42:03 Debug: Notice (8): Undefined index: departement_id in [C:\wamp\www\idee2000\views\employes\view.ctp, line 232]
2011-07-26 19:26:48 Debug: Notice (8): Undefined index: titre in [C:\wamp\www\idee2000\views\employes\index.ctp, line 35]
2011-07-26 19:26:48 Debug: Notice (8): Undefined index: code in [C:\wamp\www\idee2000\views\employes\index.ctp, line 36]
2011-07-26 19:49:56 Debug: Notice (8): Undefined index: titre in [C:\wamp\www\idee2000\views\employes\index.ctp, line 35]
2011-07-26 19:49:56 Debug: Notice (8): Undefined index: code in [C:\wamp\www\idee2000\views\employes\index.ctp, line 36]
2011-07-26 22:41:43 Debug: Notice (8): Undefined index: Employes in [C:\wamp\www\idee2000\controllers\employes_controller.php, line 20]
2011-07-26 22:44:31 Debug: Notice (8): Undefined index: Employes in [C:\wamp\www\idee2000\controllers\employes_controller.php, line 20]
2011-07-26 22:45:41 Debug: Notice (8): Undefined index: photo in [C:\wamp\www\idee2000\controllers\employes_controller.php, line 20]
2011-07-26 22:46:06 Debug: Notice (8): Undefined index: titre in [C:\wamp\www\idee2000\views\employes\index.ctp, line 35]
2011-07-26 22:46:06 Debug: Notice (8): Undefined index: code in [C:\wamp\www\idee2000\views\employes\index.ctp, line 36]
2011-07-26 22:46:23 Debug: Notice (8): Undefined index: titre in [C:\wamp\www\idee2000\views\employes\index.ctp, line 35]
2011-07-26 22:46:23 Debug: Notice (8): Undefined index: code in [C:\wamp\www\idee2000\views\employes\index.ctp, line 36]
2011-07-27 03:05:20 Debug: Notice (8): Undefined index: titre in [C:\wamp\www\idee2000\views\employes\index.ctp, line 35]
2011-07-27 03:05:20 Debug: Notice (8): Undefined index: code in [C:\wamp\www\idee2000\views\employes\index.ctp, line 36]
2011-07-27 03:05:30 Debug: Notice (8): Undefined index: titre in [C:\wamp\www\idee2000\views\employes\index.ctp, line 35]
2011-07-27 03:05:30 Debug: Notice (8): Undefined index: code in [C:\wamp\www\idee2000\views\employes\index.ctp, line 36]
2011-07-27 03:39:30 Debug: Notice (8): Undefined index: photo in [C:\wamp\www\idee2000\controllers\employes_controller.php, line 20]
2011-07-27 03:39:30 Debug: Notice (8): Undefined index: photo in [C:\wamp\www\idee2000\controllers\employes_controller.php, line 20]
2011-07-27 03:42:00 Debug: Notice (8): Undefined index: photo in [C:\wamp\www\idee2000\controllers\employes_controller.php, line 20]
2011-07-27 03:44:26 Debug: Notice (8): Undefined index: Employes in [C:\wamp\www\idee2000\controllers\employes_controller.php, line 20]
2011-07-27 03:44:54 Debug: Notice (8): Undefined index: Employes in [C:\wamp\www\idee2000\controllers\employes_controller.php, line 20]
2011-07-27 03:44:55 Debug: Notice (8): Undefined index: titre in [C:\wamp\www\idee2000\views\employes\index.ctp, line 35]
2011-07-27 03:44:55 Debug: Notice (8): Undefined index: code in [C:\wamp\www\idee2000\views\employes\index.ctp, line 36]
2011-07-27 05:32:34 Debug: Notice (8): Undefined index: titre in [C:\wamp\www\idee2000\views\departements\view.ctp, line 166]
2011-07-27 05:32:34 Debug: Notice (8): Undefined index: code in [C:\wamp\www\idee2000\views\departements\view.ctp, line 167]
2011-07-27 06:45:33 Debug: Notice (8): Undefined index: titre in [C:\wamp\www\idee2000\views\departements\view.ctp, line 166]
2011-07-27 06:45:33 Debug: Notice (8): Undefined index: code in [C:\wamp\www\idee2000\views\departements\view.ctp, line 167]
2011-07-27 06:45:44 Debug: Notice (8): Undefined index: titre in [C:\wamp\www\idee2000\views\employes\view.ctp, line 11]
2011-07-27 06:45:44 Debug: Notice (8): Undefined index: code in [C:\wamp\www\idee2000\views\employes\view.ctp, line 16]
2011-07-27 06:45:44 Debug: Notice (8): Undefined index: pseudo in [C:\wamp\www\idee2000\views\employes\view.ctp, line 226]
2011-07-27 06:45:44 Debug: Notice (8): Undefined index: mot_passe in [C:\wamp\www\idee2000\views\employes\view.ctp, line 227]
2011-07-27 06:45:44 Debug: Notice (8): Undefined index: departement_id in [C:\wamp\www\idee2000\views\employes\view.ctp, line 232]
2011-07-27 14:00:25 Debug: Notice (8): Undefined index: Employes in [C:\wamp\www\idee2000\controllers\employes_controller.php, line 20]
2011-07-27 14:01:17 Debug: Notice (8): Undefined index: Employes in [C:\wamp\www\idee2000\controllers\employes_controller.php, line 20]
2011-07-27 14:20:04 Debug: Notice (8): Undefined index: Employes in [C:\wamp\www\idee2000\controllers\employes_controller.php, line 20]
2011-07-27 22:08:27 Debug: Notice (8): Undefined index: Departement in [C:\wamp\www\idee2000\views\commentaires\view.ctp, line 21]
2011-07-27 22:08:27 Debug: Notice (8): Undefined index: Groupe in [C:\wamp\www\idee2000\views\commentaires\view.ctp, line 31]
2011-07-28 15:29:19 Debug: Notice (8): Undefined index: titre in [C:\wamp\www\idee2000\views\departements\view.ctp, line 166]
2011-07-28 15:29:19 Debug: Notice (8): Undefined index: code in [C:\wamp\www\idee2000\views\departements\view.ctp, line 167]
2011-07-28 15:30:54 Debug: Notice (8): Undefined index: Employes in [C:\wamp\www\idee2000\controllers\employes_controller.php, line 27]
2011-07-28 16:52:16 Debug: Notice (8): Undefined index: id in [C:\wamp\www\idee2000\controllers\utilisateurs_controller.php, line 34]
2011-07-28 17:08:45 Debug: Notice (8): Undefined property: UtilisateursController::$Cookie in [C:\wamp\www\idee2000\controllers\utilisateurs_controller.php, line 49]
2011-07-28 17:10:09 Debug: Notice (8): Undefined variable: cookie in [C:\wamp\www\idee2000\controllers\utilisateurs_controller.php, line 50]
2011-07-28 17:11:10 Debug: Notice (8): Undefined index: id in [C:\wamp\www\idee2000\controllers\utilisateurs_controller.php, line 35]
2011-07-28 17:17:30 Debug: Notice (8): Undefined property: View::$Auth in [C:\wamp\www\idee2000\views\employes\view.ctp, line 288]
2011-07-28 17:28:41 Debug: Notice (8): Undefined property: UtilisateursController::$Cookie in [C:\wamp\www\idee2000\controllers\utilisateurs_controller.php, line 52]
2011-07-28 17:30:52 Debug: Notice (8): Undefined variable: cookie in [C:\wamp\www\idee2000\controllers\utilisateurs_controller.php, line 53]
2011-07-28 17:36:10 Debug: Notice (8): Undefined variable: cookie in [C:\wamp\www\idee2000\controllers\utilisateurs_controller.php, line 53]
2011-07-28 17:42:44 Debug: Notice (8): Undefined property: UtilisateursController::$Cookie in [C:\wamp\www\idee2000\controllers\utilisateurs_controller.php, line 52]
2011-07-28 17:45:24 Debug: Notice (8): Undefined variable: cookie in [C:\wamp\www\idee2000\controllers\utilisateurs_controller.php, line 53]
2011-07-29 02:43:59 Debug: Notice (8): Undefined variable: cookie in [C:\wamp\www\idee2000\controllers\utilisateurs_controller.php, line 57]
2011-07-29 08:39:04 Debug: Notice (8): Undefined index: id in [C:\wamp\www\idee2000\views\employes\view.ctp, line 167]
2011-07-29 08:39:39 Debug: Notice (8): Undefined index: id in [C:\wamp\www\idee2000\views\employes\view.ctp, line 167]
2011-07-29 08:40:55 Debug: Notice (8): Undefined index: id in [C:\wamp\www\idee2000\views\employes\view.ctp, line 167]
2011-07-29 08:41:33 Debug: Notice (8): Undefined index: id in [C:\wamp\www\idee2000\views\employes\view.ctp, line 167]
2011-07-29 08:48:17 Debug: Notice (8): Undefined index: id in [C:\wamp\www\idee2000\views\employes\view.ctp, line 168]
2011-07-29 08:49:58 Debug: Notice (8): Undefined index: Employe in [C:\wamp\www\idee2000\views\employes\view.ctp, line 168]
2011-07-29 08:52:00 Debug: Notice (8): Undefined index: Employe in [C:\wamp\www\idee2000\views\employes\view.ctp, line 167]
2011-07-29 08:52:00 Debug: Notice (8): Undefined index: Employe in [C:\wamp\www\idee2000\views\employes\view.ctp, line 169]
2011-07-29 08:52:57 Debug: Notice (8): Undefined index: Employe in [C:\wamp\www\idee2000\views\employes\view.ctp, line 169]
2011-07-29 08:53:30 Debug: Notice (8): Undefined index: nom in [C:\wamp\www\idee2000\views\employes\view.ctp, line 169]
2011-07-29 09:00:32 Debug: Notice (8): Undefined index: utilisateur in [C:\wamp\www\idee2000\views\employes\view.ctp, line 176]
2011-07-29 09:01:26 Debug: Notice (8): Undefined index: id in [C:\wamp\www\idee2000\views\employes\view.ctp, line 176]
2011-07-29 09:13:12 Debug: Notice (8): Undefined index: Departement in [C:\wamp\www\idee2000\views\commentaires\view.ctp, line 21]
2011-07-29 09:13:12 Debug: Notice (8): Undefined index: Groupe in [C:\wamp\www\idee2000\views\commentaires\view.ctp, line 31]
2011-07-29 09:20:59 Debug: Notice (8): Undefined index: Departement in [C:\wamp\www\idee2000\views\documents\index.ctp, line 30]
2011-07-29 11:14:32 Debug: Notice (8): Undefined variable: type in [C:\wamp\www\idee2000\views\employes\view.ctp, line 262]
2011-07-29 11:14:32 Debug: Notice (8): Undefined variable: type in [C:\wamp\www\idee2000\views\employes\view.ctp, line 265]
2011-07-29 11:14:32 Debug: Notice (8): Undefined variable: type in [C:\wamp\www\idee2000\views\employes\view.ctp, line 268]
2011-07-29 11:14:32 Debug: Notice (8): Undefined variable: type in [C:\wamp\www\idee2000\views\employes\view.ctp, line 271]
2011-07-29 11:14:32 Debug: Notice (8): Undefined variable: type in [C:\wamp\www\idee2000\views\employes\view.ctp, line 274]
2011-07-29 11:14:32 Debug: Notice (8): Undefined variable: type in [C:\wamp\www\idee2000\views\employes\view.ctp, line 277]
2011-07-29 12:02:47 Debug: Notice (8): Undefined variable: utilisateur in [C:\wamp\www\idee2000\views\employes\view.ctp, line 335]
2011-07-29 19:35:30 Debug: Notice (8): Array to string conversion in [C:\cake\libs\router.php, line 1573]
2011-07-29 19:38:10 Debug: Notice (8): Undefined variable: filename in [C:\wamp\www\idee2000\controllers\documents_controller.php, line 68]
2011-07-29 19:38:10 Debug: Notice (8): Undefined variable: nom in [C:\wamp\www\idee2000\controllers\documents_controller.php, line 69]
2011-07-29 19:38:10 Debug: Notice (8): Undefined variable: ext in [C:\wamp\www\idee2000\controllers\documents_controller.php, line 70]
2011-07-29 19:57:46 Debug: Notice (8): Undefined variable: filename in [C:\wamp\www\idee2000\controllers\documents_controller.php, line 68]
2011-07-29 19:57:46 Debug: Notice (8): Undefined variable: nom in [C:\wamp\www\idee2000\controllers\documents_controller.php, line 69]
2011-07-29 19:57:46 Debug: Notice (8): Undefined variable: ext in [C:\wamp\www\idee2000\controllers\documents_controller.php, line 70]
2011-07-29 20:07:30 Debug: Notice (8): Undefined variable: filename in [C:\wamp\www\idee2000\controllers\documents_controller.php, line 68]
2011-07-29 20:07:30 Debug: Notice (8): Undefined variable: nom in [C:\wamp\www\idee2000\controllers\documents_controller.php, line 69]
2011-07-29 20:07:30 Debug: Notice (8): Undefined variable: ext in [C:\wamp\www\idee2000\controllers\documents_controller.php, line 70]
2011-07-29 20:08:25 Debug: Notice (8): Undefined index: ext in [C:\wamp\www\idee2000\controllers\documents_controller.php, line 68]
2011-07-29 20:08:25 Debug: Notice (8): Undefined index: filename in [C:\wamp\www\idee2000\controllers\documents_controller.php, line 67]
2011-07-29 20:08:25 Debug: Notice (8): Undefined index: ext in [C:\wamp\www\idee2000\controllers\documents_controller.php, line 68]
2011-07-29 20:08:25 Debug: Notice (8): Undefined index: filename in [C:\wamp\www\idee2000\controllers\documents_controller.php, line 67]
2011-07-29 20:08:25 Debug: Notice (8): Undefined index: ext in [C:\wamp\www\idee2000\controllers\documents_controller.php, line 68]
2011-07-29 20:08:25 Debug: Notice (8): Undefined index: filename in [C:\wamp\www\idee2000\controllers\documents_controller.php, line 67]
2011-07-29 20:08:25 Debug: Notice (8): Undefined index: ext in [C:\wamp\www\idee2000\controllers\documents_controller.php, line 68]
2011-07-29 20:08:25 Debug: Notice (8): Undefined index: filename in [C:\wamp\www\idee2000\controllers\documents_controller.php, line 67]
2011-07-29 20:08:25 Debug: Notice (8): Undefined index: ext in [C:\wamp\www\idee2000\controllers\documents_controller.php, line 68]
2011-07-29 20:08:54 Debug: Notice (8): Undefined index: ext in [C:\wamp\www\idee2000\controllers\documents_controller.php, line 68]
2011-07-29 20:08:55 Debug: Notice (8): Undefined index: filename in [C:\wamp\www\idee2000\controllers\documents_controller.php, line 67]
2011-07-29 20:08:55 Debug: Notice (8): Undefined index: ext in [C:\wamp\www\idee2000\controllers\documents_controller.php, line 68]
2011-07-29 20:08:55 Debug: Notice (8): Undefined index: filename in [C:\wamp\www\idee2000\controllers\documents_controller.php, line 67]
2011-07-29 20:08:55 Debug: Notice (8): Undefined index: ext in [C:\wamp\www\idee2000\controllers\documents_controller.php, line 68]
2011-07-29 20:08:55 Debug: Notice (8): Undefined index: filename in [C:\wamp\www\idee2000\controllers\documents_controller.php, line 67]
2011-07-29 20:08:55 Debug: Notice (8): Undefined index: ext in [C:\wamp\www\idee2000\controllers\documents_controller.php, line 68]
2011-07-29 20:08:55 Debug: Notice (8): Undefined index: filename in [C:\wamp\www\idee2000\controllers\documents_controller.php, line 67]
2011-07-29 20:08:55 Debug: Notice (8): Undefined index: ext in [C:\wamp\www\idee2000\controllers\documents_controller.php, line 68]
2011-07-29 20:11:02 Debug: Notice (8): Undefined index: filename in [C:\wamp\www\idee2000\controllers\documents_controller.php, line 67]
2011-07-29 20:11:02 Debug: Notice (8): Undefined index: filename in [C:\wamp\www\idee2000\controllers\documents_controller.php, line 67]
2011-07-29 20:11:02 Debug: Notice (8): Undefined index: filename in [C:\wamp\www\idee2000\controllers\documents_controller.php, line 67]
2011-07-29 20:11:02 Debug: Notice (8): Undefined index: filename in [C:\wamp\www\idee2000\controllers\documents_controller.php, line 67]
2011-07-29 20:11:13 Debug: Notice (8): Undefined index: filename in [C:\wamp\www\idee2000\controllers\documents_controller.php, line 67]
2011-07-29 20:11:13 Debug: Notice (8): Undefined index: filename in [C:\wamp\www\idee2000\controllers\documents_controller.php, line 67]
2011-07-29 20:11:13 Debug: Notice (8): Undefined index: filename in [C:\wamp\www\idee2000\controllers\documents_controller.php, line 67]
2011-07-29 20:11:13 Debug: Notice (8): Undefined index: filename in [C:\wamp\www\idee2000\controllers\documents_controller.php, line 67]
2011-07-29 20:12:22 Debug: Notice (8): Undefined index: filename in [C:\wamp\www\idee2000\controllers\documents_controller.php, line 67]
2011-07-29 20:12:22 Debug: Notice (8): Undefined index: filename in [C:\wamp\www\idee2000\controllers\documents_controller.php, line 67]
2011-07-29 20:12:22 Debug: Notice (8): Undefined index: filename in [C:\wamp\www\idee2000\controllers\documents_controller.php, line 67]
2011-07-29 20:12:22 Debug: Notice (8): Undefined index: filename in [C:\wamp\www\idee2000\controllers\documents_controller.php, line 67]
2011-07-29 20:24:10 Debug: Notice (8): Undefined index: filename in [C:\wamp\www\idee2000\controllers\documents_controller.php, line 67]
2011-07-29 20:24:11 Debug: Notice (8): Undefined index: filename in [C:\wamp\www\idee2000\controllers\documents_controller.php, line 67]
2011-07-29 20:24:11 Debug: Notice (8): Undefined index: filename in [C:\wamp\www\idee2000\controllers\documents_controller.php, line 67]
2011-07-29 20:24:11 Debug: Notice (8): Undefined index: filename in [C:\wamp\www\idee2000\controllers\documents_controller.php, line 67]
2011-07-29 20:24:21 Debug: Notice (8): Undefined index: filename in [C:\wamp\www\idee2000\controllers\documents_controller.php, line 67]
2011-07-29 20:24:21 Debug: Notice (8): Undefined index: filename in [C:\wamp\www\idee2000\controllers\documents_controller.php, line 67]
2011-07-29 20:24:21 Debug: Notice (8): Undefined index: filename in [C:\wamp\www\idee2000\controllers\documents_controller.php, line 67]
2011-07-29 20:24:22 Debug: Notice (8): Undefined index: filename in [C:\wamp\www\idee2000\controllers\documents_controller.php, line 67]
2011-07-29 20:35:46 Debug: Notice (8): Undefined index: filename in [C:\wamp\www\idee2000\controllers\documents_controller.php, line 67]
2011-07-29 20:35:47 Debug: Notice (8): Undefined index: filename in [C:\wamp\www\idee2000\controllers\documents_controller.php, line 67]
2011-07-29 20:35:47 Debug: Notice (8): Undefined index: filename in [C:\wamp\www\idee2000\controllers\documents_controller.php, line 67]
2011-07-29 20:35:47 Debug: Notice (8): Undefined index: filename in [C:\wamp\www\idee2000\controllers\documents_controller.php, line 67]
2011-07-29 20:39:56 Debug: Notice (8): Undefined variable: filename in [C:\wamp\www\idee2000\controllers\documents_controller.php, line 66]
2011-07-29 20:39:56 Debug: Notice (8): Undefined variable: filename in [C:\wamp\www\idee2000\controllers\documents_controller.php, line 69]
2011-07-29 20:39:56 Debug: Notice (8): Undefined variable: nom in [C:\wamp\www\idee2000\controllers\documents_controller.php, line 70]
