2011-07-23 23:19:02 Warning: Warning (2): link() [<a href='http://php.net/function.link'>function.link</a>]: No such file or directory in [C:\wamp\www\idee2000\views\layouts\login.ctp, line 118]
2011-07-23 23:20:23 Warning: Warning (2): link() [<a href='http://php.net/function.link'>function.link</a>]: No such file or directory in [C:\wamp\www\idee2000\views\layouts\login.ctp, line 118]
2011-07-24 14:35:21 Warning: Warning (512): <span style="color:Red;text-align:left"><b>SQL Error:</b> 1452: Cannot add or update a child row: a foreign key constraint fails (`idee2000/utilisateurs`, CONSTRAINT `fk_utilisateurs_groupes1` FOREIGN KEY (`groupe_id`) REFERENCES `groupes` (`id`) ON DELETE NO ACTION ON UPDATE NO ACTION)</span> in [C:\cake\libs\model\datasources\dbo_source.php, line 684]
2011-07-24 14:37:18 Warning: Warning (512): <span style="color:Red;text-align:left"><b>SQL Error:</b> 1452: Cannot add or update a child row: a foreign key constraint fails (`idee2000/utilisateurs`, CONSTRAINT `fk_utilisateurs_groupes1` FOREIGN KEY (`groupe_id`) REFERENCES `groupes` (`id`) ON DELETE NO ACTION ON UPDATE NO ACTION)</span> in [C:\cake\libs\model\datasources\dbo_source.php, line 684]
2011-07-24 18:42:21 Warning: Warning (512): <span style="color:Red;text-align:left"><b>SQL Error:</b> 1452: Cannot add or update a child row: a foreign key constraint fails (`idee2000/utilisateurs`, CONSTRAINT `fk_utilisateurs_employes1` FOREIGN KEY (`employe_id`, `departement_id`) REFERENCES `employes` (`id`, `departement_id`) ON DELETE NO ACTION ON UPDATE NO ACT)</span> in [C:\cake\libs\model\datasources\dbo_source.php, line 684]
2011-07-24 20:10:29 Warning: Warning (512): <span style="color:Red;text-align:left"><b>SQL Error:</b> 1054: Unknown column 'Utilisateur.employe_id' in 'on clause'</span> in [C:\cake\libs\model\datasources\dbo_source.php, line 684]
2011-07-24 20:10:29 Warning: Warning (2): Invalid argument supplied for foreach() in [C:\wamp\www\idee2000\views\utilisateurs\index.ctp, line 17]
2011-07-24 20:53:54 Warning: Warning (512): <span style="color:Red;text-align:left"><b>SQL Error:</b> 1452: Cannot add or update a child row: a foreign key constraint fails (`idee2000/utilisateurs`, CONSTRAINT `fk_utilisateurs_groupes1` FOREIGN KEY (`groupe_id`) REFERENCES `groupes` (`id`) ON DELETE NO ACTION ON UPDATE NO ACTION)</span> in [C:\cake\libs\model\datasources\dbo_source.php, line 684]
2011-07-24 20:55:46 Warning: Warning (512): <span style="color:Red;text-align:left"><b>SQL Error:</b> 1452: Cannot add or update a child row: a foreign key constraint fails (`idee2000/utilisateurs`, CONSTRAINT `fk_utilisateurs_groupes1` FOREIGN KEY (`groupe_id`) REFERENCES `groupes` (`id`) ON DELETE NO ACTION ON UPDATE NO ACTION)</span> in [C:\cake\libs\model\datasources\dbo_source.php, line 684]
2011-07-25 01:04:23 Warning: Warning (512): <span style="color:Red;text-align:left"><b>SQL Error:</b> 1054: Unknown column 'Commentaire.departement_id' in 'field list'</span> in [C:\cake\libs\model\datasources\dbo_source.php, line 684]
2011-07-25 01:04:23 Warning: Warning (2): Invalid argument supplied for foreach() in [C:\cake\libs\model\datasources\dbo_source.php, line 1098]
2011-07-25 01:04:23 Warning: Warning (512): <span style="color:Red;text-align:left"><b>SQL Error:</b> 1054: Unknown column 'Document.departement_id' in 'field list'</span> in [C:\cake\libs\model\datasources\dbo_source.php, line 684]
2011-07-25 01:04:23 Warning: Warning (512): <span style="color:Red;text-align:left"><b>SQL Error:</b> 1054: Unknown column 'Utilisateur.departement_id' in 'field list'</span> in [C:\cake\libs\model\datasources\dbo_source.php, line 684]
2011-07-25 16:06:19 Warning: Warning (512): <span style="color:Red;text-align:left"><b>SQL Error:</b> 1054: Unknown column 'Utilisateur.passwd' in 'where clause'</span> in [C:\cake\libs\model\datasources\dbo_source.php, line 684]
2011-07-25 16:06:19 Warning: Warning (512): <span style="color:Red;text-align:left"><b>SQL Error:</b> 1054: Unknown column 'actif' in 'where clause'</span> in [C:\cake\libs\model\datasources\dbo_source.php, line 684]
2011-07-25 16:07:59 Warning: Warning (512): <span style="color:Red;text-align:left"><b>SQL Error:</b> 1054: Unknown column 'actif' in 'where clause'</span> in [C:\cake\libs\model\datasources\dbo_source.php, line 684]
2011-07-25 23:40:53 Warning: Warning (2): htmlentities() [<a href='http://php.net/function.htmlentities'>function.htmlentities</a>]: charset `h' not supported, assuming iso-8859-1 in [C:\cake\libs\view\helpers\html.php, line 298]
2011-07-27 03:46:40 Warning: Warning (2): unlink(C:\wamp\www\idee2000\tmp\cache\persistent\cake_core_meio_upload_fr-fr) [<a href='http://php.net/function.unlink'>function.unlink</a>]: Permission denied in [C:\cake\libs\file.php, line 294]
2011-07-27 03:46:40 Warning: Warning (2): unlink(C:\wamp\www\idee2000\tmp\cache\persistent\cake_core_meio_upload_fr-fr) [<a href='http://php.net/function.unlink'>function.unlink</a>]: Permission denied in [C:\cake\libs\file.php, line 294]
2011-07-27 03:46:40 Warning: Warning (2): unlink(C:\wamp\www\idee2000\tmp\cache\persistent\cake_core_meio_upload_fr-fr) [<a href='http://php.net/function.unlink'>function.unlink</a>]: Permission denied in [C:\cake\libs\file.php, line 294]
2011-07-27 03:46:40 Warning: Warning (2): unlink(C:\wamp\www\idee2000\tmp\cache\persistent\cake_core_meio_upload_fr-fr) [<a href='http://php.net/function.unlink'>function.unlink</a>]: Permission denied in [C:\cake\libs\file.php, line 294]
2011-07-27 07:26:40 Warning: Warning (2): unlink(C:\wamp\www\idee2000\tmp\cache\models\cake_model_default_employes) [<a href='http://php.net/function.unlink'>function.unlink</a>]: No such file or directory in [C:\cake\libs\file.php, line 294]
2011-07-27 07:26:40 Warning: Warning (2): fopen(C:\wamp\www\idee2000\tmp\cache\persistent\cake_core_file_map) [<a href='http://php.net/function.fopen'>function.fopen</a>]: failed to open stream: No such file or directory in [C:\cake\libs\file.php, line 152]
2011-07-27 07:26:40 Warning: Warning (2): fopen(C:\wamp\www\idee2000\tmp\cache\models\cake_model_default_utilisateurs) [<a href='http://php.net/function.fopen'>function.fopen</a>]: failed to open stream: Permission denied in [C:\cake\libs\file.php, line 152]
2011-07-27 07:26:40 Warning: Warning (2): fopen(C:\wamp\www\idee2000\tmp\cache\models\cake_model_default_utilisateurs) [<a href='http://php.net/function.fopen'>function.fopen</a>]: failed to open stream: Permission denied in [C:\cake\libs\file.php, line 152]
2011-07-27 15:33:00 Warning: Warning (2): htmlentities() [<a href='http://php.net/function.htmlentities'>function.htmlentities</a>]: charset `A' not supported, assuming iso-8859-1 in [C:\cake\libs\view\helpers\html.php, line 298]
2011-07-27 15:37:05 Warning: Warning (2): htmlentities() [<a href='http://php.net/function.htmlentities'>function.htmlentities</a>]: charset `A' not supported, assuming iso-8859-1 in [C:\cake\libs\view\helpers\html.php, line 298]
2011-07-27 16:15:48 Warning: Warning (2): htmlentities() [<a href='http://php.net/function.htmlentities'>function.htmlentities</a>]: charset `A' not supported, assuming iso-8859-1 in [C:\cake\libs\view\helpers\html.php, line 298]
2011-07-28 14:05:56 Warning: Warning (512): <span style="color:Red;text-align:left"><b>SQL Error:</b> 1054: Unknown column 'Employe.employe_id' in 'on clause'</span> in [C:\cake\libs\model\datasources\dbo_source.php, line 684]
2011-07-28 14:05:56 Warning: Warning (2): Invalid argument supplied for foreach() in [C:\wamp\www\idee2000\views\employes\index.ctp, line 24]
2011-07-28 14:06:23 Warning: Warning (512): <span style="color:Red;text-align:left"><b>SQL Error:</b> 1054: Unknown column 'Employe.employe_id' in 'on clause'</span> in [C:\cake\libs\model\datasources\dbo_source.php, line 684]
2011-07-28 14:06:23 Warning: Warning (2): Invalid argument supplied for foreach() in [C:\wamp\www\idee2000\views\employes\index.ctp, line 24]
2011-07-28 16:48:45 Warning: Warning (512): <span style="color:Red;text-align:left"><b>SQL Error:</b> 1452: Cannot add or update a child row: a foreign key constraint fails (`idee2000/utilisateurs`, CONSTRAINT `fk_utilisateurs_groupes1` FOREIGN KEY (`groupe_id`) REFERENCES `groupes` (`id`) ON DELETE NO ACTION ON UPDATE NO ACTION)</span> in [C:\cake\libs\model\datasources\dbo_source.php, line 684]
2011-07-28 16:52:16 Warning: Warning (512): <span style="color:Red;text-align:left"><b>SQL Error:</b> 1064: You have an error in your SQL syntax; check the manual that corresponds to your MySQL server version for the right syntax to use near 'edit' at line 1</span> in [C:\cake\libs\model\datasources\dbo_source.php, line 684]
2011-07-28 17:11:10 Warning: Warning (512): <span style="color:Red;text-align:left"><b>SQL Error:</b> 1064: You have an error in your SQL syntax; check the manual that corresponds to your MySQL server version for the right syntax to use near 'edit' at line 1</span> in [C:\cake\libs\model\datasources\dbo_source.php, line 684]
2011-07-28 17:39:41 Warning: Warning (512): <span style="color:Red;text-align:left"><b>SQL Error:</b> 1451: Cannot delete or update a parent row: a foreign key constraint fails (`idee2000/commentaires`, CONSTRAINT `fk_commentaires_utilisateurs1` FOREIGN KEY (`utilisateur_id`) REFERENCES `utilisateurs` (`id`) ON DELETE NO ACTION ON UPDATE NO ACTION)</span> in [C:\cake\libs\model\datasources\dbo_source.php, line 684]
2011-07-28 17:39:52 Warning: Warning (512): <span style="color:Red;text-align:left"><b>SQL Error:</b> 1451: Cannot delete or update a parent row: a foreign key constraint fails (`idee2000/commentaires`, CONSTRAINT `fk_commentaires_utilisateurs1` FOREIGN KEY (`utilisateur_id`) REFERENCES `utilisateurs` (`id`) ON DELETE NO ACTION ON UPDATE NO ACTION)</span> in [C:\cake\libs\model\datasources\dbo_source.php, line 684]
2011-07-28 17:40:02 Warning: Warning (512): <span style="color:Red;text-align:left"><b>SQL Error:</b> 1451: Cannot delete or update a parent row: a foreign key constraint fails (`idee2000/commentaires`, CONSTRAINT `fk_commentaires_utilisateurs1` FOREIGN KEY (`utilisateur_id`) REFERENCES `utilisateurs` (`id`) ON DELETE NO ACTION ON UPDATE NO ACTION)</span> in [C:\cake\libs\model\datasources\dbo_source.php, line 684]
2011-07-28 17:40:16 Warning: Warning (512): <span style="color:Red;text-align:left"><b>SQL Error:</b> 1451: Cannot delete or update a parent row: a foreign key constraint fails (`idee2000/commentaires`, CONSTRAINT `fk_commentaires_utilisateurs1` FOREIGN KEY (`utilisateur_id`) REFERENCES `utilisateurs` (`id`) ON DELETE NO ACTION ON UPDATE NO ACTION)</span> in [C:\cake\libs\model\datasources\dbo_source.php, line 684]
2011-07-29 10:45:25 Warning: Warning (2): strtolower() expects exactly 1 parameter, 3 given in [C:\wamp\www\idee2000\views\employes\view.ctp, line 235]
2011-07-29 10:45:25 Warning: Warning (2): substr() expects at least 2 parameters, 1 given in [C:\wamp\www\idee2000\views\employes\view.ctp, line 235]
2011-07-29 19:38:10 Warning: Warning (2): Missing argument 1 for DocumentsController::telecharger() in [C:\wamp\www\idee2000\controllers\documents_controller.php, line 65]
2011-07-29 19:38:10 Warning: Warning (2): Missing argument 2 for DocumentsController::telecharger() in [C:\wamp\www\idee2000\controllers\documents_controller.php, line 65]
2011-07-29 19:38:10 Warning: Warning (2): Missing argument 3 for DocumentsController::telecharger() in [C:\wamp\www\idee2000\controllers\documents_controller.php, line 65]
2011-07-29 19:57:46 Warning: Warning (2): Missing argument 1 for DocumentsController::telecharger() in [C:\wamp\www\idee2000\controllers\documents_controller.php, line 65]
2011-07-29 19:57:46 Warning: Warning (2): Missing argument 2 for DocumentsController::telecharger() in [C:\wamp\www\idee2000\controllers\documents_controller.php, line 65]
2011-07-29 19:57:46 Warning: Warning (2): Missing argument 3 for DocumentsController::telecharger() in [C:\wamp\www\idee2000\controllers\documents_controller.php, line 65]
2011-07-29 20:07:30 Warning: Warning (2): Missing argument 1 for DocumentsController::telecharger() in [C:\wamp\www\idee2000\controllers\documents_controller.php, line 65]
2011-07-29 20:07:30 Warning: Warning (2): Missing argument 2 for DocumentsController::telecharger() in [C:\wamp\www\idee2000\controllers\documents_controller.php, line 65]
2011-07-29 20:07:30 Warning: Warning (2): Missing argument 3 for DocumentsController::telecharger() in [C:\wamp\www\idee2000\controllers\documents_controller.php, line 65]
2011-07-29 20:39:56 Warning: Warning (2): Missing argument 1 for DocumentsController::telecharger() in [C:\wamp\www\idee2000\controllers\documents_controller.php, line 65]
2011-07-29 20:39:56 Warning: Warning (2): Missing argument 2 for DocumentsController::telecharger() in [C:\wamp\www\idee2000\controllers\documents_controller.php, line 65]
2011-07-29 20:39:56 Warning: Warning (2): Missing argument 3 for DocumentsController::telecharger() in [C:\wamp\www\idee2000\controllers\documents_controller.php, line 65]
